<?xml version="1.0" encoding="UTF-8"?>
<!-- Generated by org.testng.reporters.JUnitReportReporter -->
<testsuite hostname="Sophia-LAPTOP" failures="0" tests="2" name="com.nn.qa.testcases.SigninTest" time="24.673" errors="0" timestamp="2024-01-23T20:26:50 CST" skipped="0">
  <testcase classname="com.nn.qa.testcases.SigninTest" name="firsttry" time="15.227"/>
  <testcase classname="com.nn.qa.testcases.SigninTest" name="VerifyRegisterTitleTest" time="9.446"/>
</testsuite> <!-- com.nn.qa.testcases.SigninTest -->
